2014/07/29 10:49:58 [info] [user] Created note
in C:\Apache2\htdocs\yii\testdrive\protected\controllers\NoteController.php (130)
in C:\Apache2\htdocs\yii\testdrive\index.php (13)
2014/07/29 10:53:43 [info] [user] Created comment
in C:\Apache2\htdocs\yii\testdrive\protected\controllers\NoteController.php (98)
in C:\Apache2\htdocs\yii\testdrive\index.php (13)
2014/07/29 10:58:18 [info] [user] Created note
in C:\Apache2\htdocs\yii\testdrive\protected\controllers\NoteController.php (130)
in C:\Apache2\htdocs\yii\testdrive\index.php (13)
2014/07/29 10:59:11 [info] [user] Created comment
in C:\Apache2\htdocs\yii\testdrive\protected\controllers\NoteController.php (98)
in C:\Apache2\htdocs\yii\testdrive\index.php (13)
2014/07/29 10:59:36 [info] [user] Deleted note
in C:\Apache2\htdocs\yii\testdrive\protected\controllers\NoteController.php (159)
in C:\Apache2\htdocs\yii\testdrive\index.php (13)
2014/07/29 13:33:34 [info] [user] Created comment
in C:\Apache2\htdocs\yii\testdrive\protected\controllers\NoteController.php (98)
in C:\Apache2\htdocs\yii\testdrive\index.php (13)
2014/07/29 13:34:52 [info] [user] Created comment
in C:\Apache2\htdocs\yii\testdrive\protected\controllers\NoteController.php (98)
in C:\Apache2\htdocs\yii\testdrive\index.php (13)
2014/07/29 16:44:48 [info] [user] Updated note
in C:\Apache2\htdocs\yii\testdrive\protected\controllers\NoteController.php (147)
in C:\Apache2\htdocs\yii\testdrive\index.php (13)
2014/07/29 16:45:20 [info] [user] Created comment
in C:\Apache2\htdocs\yii\testdrive\protected\controllers\NoteController.php (98)
in C:\Apache2\htdocs\yii\testdrive\index.php (13)
2014/07/30 11:56:50 [info] [user] Created comment
in C:\Apache2\htdocs\yii\testdrive\protected\controllers\NoteController.php (98)
in C:\Apache2\htdocs\yii\testdrive\index.php (13)
2014/07/30 12:05:55 [info] [user] Created comment
in C:\Apache2\htdocs\yii\testdrive\protected\controllers\NoteController.php (98)
in C:\Apache2\htdocs\yii\testdrive\index.php (13)
2014/07/30 16:32:45 [info] [user] Created note
in C:\Apache2\htdocs\yii\testdrive\protected\controllers\NoteController.php (130)
in C:\Apache2\htdocs\yii\testdrive\index.php (13)
2014/07/30 16:35:55 [info] [user] Created comment
in C:\Apache2\htdocs\yii\testdrive\protected\controllers\NoteController.php (98)
in C:\Apache2\htdocs\yii\testdrive\index.php (13)
2014/07/30 16:36:28 [info] [user] Created comment
in C:\Apache2\htdocs\yii\testdrive\protected\controllers\NoteController.php (98)
in C:\Apache2\htdocs\yii\testdrive\index.php (13)
2014/07/30 16:37:44 [info] [user] Updated note
in C:\Apache2\htdocs\yii\testdrive\protected\controllers\NoteController.php (147)
in C:\Apache2\htdocs\yii\testdrive\index.php (13)
2014/07/30 16:37:56 [info] [user] Created note
in C:\Apache2\htdocs\yii\testdrive\protected\controllers\NoteController.php (130)
in C:\Apache2\htdocs\yii\testdrive\index.php (13)
2014/07/30 16:38:03 [info] [user] Deleted note
in C:\Apache2\htdocs\yii\testdrive\protected\controllers\NoteController.php (159)
in C:\Apache2\htdocs\yii\testdrive\index.php (13)
2014/07/30 16:51:53 [info] [user] Created comment
in C:\Apache2\htdocs\yii\testdrive\protected\controllers\NoteController.php (98)
in C:\Apache2\htdocs\yii\testdrive\index.php (13)
2014/07/30 17:07:18 [info] [user] Created comment
in C:\Apache2\htdocs\yii\testdrive\protected\controllers\NoteController.php (111)
in C:\Apache2\htdocs\yii\testdrive\protected\controllers\NoteController.php (91)
in C:\Apache2\htdocs\yii\testdrive\index.php (13)
2014/07/30 17:09:48 [info] [user] User admin login
in C:\Apache2\htdocs\yii\testdrive\protected\controllers\NoteController.php (261)
in C:\Apache2\htdocs\yii\testdrive\index.php (13)
2014/07/30 17:18:02 [info] [user] User admin login
in C:\Apache2\htdocs\yii\testdrive\protected\controllers\NoteController.php (261)
in C:\Apache2\htdocs\yii\testdrive\index.php (13)
2014/07/30 17:22:20 [info] [user] Deleted comment
in C:\Apache2\htdocs\yii\testdrive\protected\controllers\NoteController.php (128)
in C:\Apache2\htdocs\yii\testdrive\index.php (13)
2014/07/30 17:23:02 [info] [user] Deleted comment
in C:\Apache2\htdocs\yii\testdrive\protected\controllers\NoteController.php (128)
in C:\Apache2\htdocs\yii\testdrive\index.php (13)
2014/07/30 17:39:41 [info] [user] User admin login
in C:\Apache2\htdocs\yii\testdrive\protected\controllers\NoteController.php (256)
in C:\Apache2\htdocs\yii\testdrive\index.php (13)
2014/07/30 17:43:25 [info] [user] Created comment
in C:\Apache2\htdocs\yii\testdrive\protected\controllers\NoteController.php (111)
in C:\Apache2\htdocs\yii\testdrive\protected\controllers\NoteController.php (91)
in C:\Apache2\htdocs\yii\testdrive\index.php (13)
2014/07/30 17:43:51 [info] [user] Updated note
in C:\Apache2\htdocs\yii\testdrive\protected\controllers\NoteController.php (168)
in C:\Apache2\htdocs\yii\testdrive\index.php (13)
2014/07/30 17:53:31 [info] [user] User admin login
in C:\Apache2\htdocs\yii\testdrive\protected\controllers\NoteController.php (256)
in C:\Apache2\htdocs\yii\testdrive\index.php (13)
2014/07/30 17:53:49 [info] [user] Updated note
in C:\Apache2\htdocs\yii\testdrive\protected\controllers\NoteController.php (168)
in C:\Apache2\htdocs\yii\testdrive\index.php (13)
2014/07/30 18:03:26 [info] [user] Deleted comment
in C:\Apache2\htdocs\yii\testdrive\protected\controllers\NoteController.php (128)
in C:\Apache2\htdocs\yii\testdrive\index.php (13)
2014/07/30 18:34:35 [info] [user] Deleted comment
in C:\Apache2\htdocs\yii\testdrive\protected\controllers\NoteController.php (128)
in C:\Apache2\htdocs\yii\testdrive\index.php (13)
2014/07/31 00:35:29 [info] [user] Deleted comment
in C:\Apache2\htdocs\yii\testdrive\protected\controllers\NoteController.php (128)
in C:\Apache2\htdocs\yii\testdrive\index.php (13)
2014/07/31 00:38:40 [info] [user] Created comment
in C:\Apache2\htdocs\yii\testdrive\protected\controllers\NoteController.php (111)
in C:\Apache2\htdocs\yii\testdrive\protected\controllers\NoteController.php (91)
in C:\Apache2\htdocs\yii\testdrive\index.php (13)
2014/07/31 00:39:05 [info] [user] Deleted comment
in C:\Apache2\htdocs\yii\testdrive\protected\controllers\NoteController.php (128)
in C:\Apache2\htdocs\yii\testdrive\index.php (13)
2014/07/31 00:39:56 [info] [user] Created comment
in C:\Apache2\htdocs\yii\testdrive\protected\controllers\NoteController.php (111)
in C:\Apache2\htdocs\yii\testdrive\protected\controllers\NoteController.php (91)
in C:\Apache2\htdocs\yii\testdrive\index.php (13)
2014/07/31 00:40:01 [info] [user] Deleted comment
in C:\Apache2\htdocs\yii\testdrive\protected\controllers\NoteController.php (128)
in C:\Apache2\htdocs\yii\testdrive\index.php (13)
2014/07/31 00:41:26 [info] [user] Created comment
in C:\Apache2\htdocs\yii\testdrive\protected\controllers\NoteController.php (111)
in C:\Apache2\htdocs\yii\testdrive\protected\controllers\NoteController.php (91)
in C:\Apache2\htdocs\yii\testdrive\index.php (13)
2014/07/31 00:41:46 [info] [user] Created comment
in C:\Apache2\htdocs\yii\testdrive\protected\controllers\NoteController.php (111)
in C:\Apache2\htdocs\yii\testdrive\protected\controllers\NoteController.php (91)
in C:\Apache2\htdocs\yii\testdrive\index.php (13)
2014/07/31 00:41:52 [info] [user] Deleted comment
in C:\Apache2\htdocs\yii\testdrive\protected\controllers\NoteController.php (128)
in C:\Apache2\htdocs\yii\testdrive\index.php (13)
2014/07/31 00:48:06 [info] [user] Created comment
in C:\Apache2\htdocs\yii\testdrive\protected\controllers\NoteController.php (111)
in C:\Apache2\htdocs\yii\testdrive\protected\controllers\NoteController.php (91)
in C:\Apache2\htdocs\yii\testdrive\index.php (13)
2014/07/31 00:48:12 [info] [user] Deleted comment
in C:\Apache2\htdocs\yii\testdrive\protected\controllers\NoteController.php (130)
in C:\Apache2\htdocs\yii\testdrive\index.php (13)
2014/07/31 00:49:41 [info] [user] Created comment
in C:\Apache2\htdocs\yii\testdrive\protected\controllers\NoteController.php (111)
in C:\Apache2\htdocs\yii\testdrive\protected\controllers\NoteController.php (91)
in C:\Apache2\htdocs\yii\testdrive\index.php (13)
2014/07/31 00:49:46 [info] [user] Deleted comment
in C:\Apache2\htdocs\yii\testdrive\protected\controllers\NoteController.php (130)
in C:\Apache2\htdocs\yii\testdrive\index.php (13)
2014/07/31 00:49:58 [info] [user] Deleted comment
in C:\Apache2\htdocs\yii\testdrive\protected\controllers\NoteController.php (130)
in C:\Apache2\htdocs\yii\testdrive\index.php (13)
2014/07/31 00:51:00 [info] [user] Created comment
in C:\Apache2\htdocs\yii\testdrive\protected\controllers\NoteController.php (111)
in C:\Apache2\htdocs\yii\testdrive\protected\controllers\NoteController.php (91)
in C:\Apache2\htdocs\yii\testdrive\index.php (13)
2014/07/31 00:51:05 [info] [user] Deleted comment
in C:\Apache2\htdocs\yii\testdrive\protected\controllers\NoteController.php (128)
in C:\Apache2\htdocs\yii\testdrive\index.php (13)
2014/07/31 00:51:51 [info] [user] Created comment
in C:\Apache2\htdocs\yii\testdrive\protected\controllers\NoteController.php (111)
in C:\Apache2\htdocs\yii\testdrive\protected\controllers\NoteController.php (91)
in C:\Apache2\htdocs\yii\testdrive\index.php (13)
2014/07/31 00:57:47 [info] [user] User admin login
in C:\Apache2\htdocs\yii\testdrive\protected\controllers\NoteController.php (256)
in C:\Apache2\htdocs\yii\testdrive\index.php (13)
2014/07/31 00:58:07 [info] [user] Created comment
in C:\Apache2\htdocs\yii\testdrive\protected\controllers\NoteController.php (111)
in C:\Apache2\htdocs\yii\testdrive\protected\controllers\NoteController.php (91)
in C:\Apache2\htdocs\yii\testdrive\index.php (13)
2014/07/31 00:58:13 [info] [user] Deleted comment
in C:\Apache2\htdocs\yii\testdrive\protected\controllers\NoteController.php (128)
in C:\Apache2\htdocs\yii\testdrive\index.php (13)
2014/07/31 00:59:08 [info] [user] User demo login
in C:\Apache2\htdocs\yii\testdrive\protected\controllers\NoteController.php (256)
in C:\Apache2\htdocs\yii\testdrive\index.php (13)
2014/07/31 00:59:29 [info] [user] Created comment
in C:\Apache2\htdocs\yii\testdrive\protected\controllers\NoteController.php (111)
in C:\Apache2\htdocs\yii\testdrive\protected\controllers\NoteController.php (91)
in C:\Apache2\htdocs\yii\testdrive\index.php (13)
2014/07/31 00:59:54 [info] [user] User demo login
in C:\Apache2\htdocs\yii\testdrive\protected\controllers\NoteController.php (256)
in C:\Apache2\htdocs\yii\testdrive\index.php (13)
2014/07/31 00:59:55 [info] [user] Deleted comment
in C:\Apache2\htdocs\yii\testdrive\protected\controllers\NoteController.php (128)
in C:\Apache2\htdocs\yii\testdrive\index.php (13)
2014/07/31 01:00:32 [info] [user] User admin login
in C:\Apache2\htdocs\yii\testdrive\protected\controllers\NoteController.php (256)
in C:\Apache2\htdocs\yii\testdrive\index.php (13)
2014/07/31 01:00:33 [info] [user] Deleted comment
in C:\Apache2\htdocs\yii\testdrive\protected\controllers\NoteController.php (128)
in C:\Apache2\htdocs\yii\testdrive\index.php (13)
2014/07/31 01:00:50 [info] [user] Created comment
in C:\Apache2\htdocs\yii\testdrive\protected\controllers\NoteController.php (111)
in C:\Apache2\htdocs\yii\testdrive\protected\controllers\NoteController.php (91)
in C:\Apache2\htdocs\yii\testdrive\index.php (13)
2014/07/31 01:01:51 [info] [user] User admin login
in C:\Apache2\htdocs\yii\testdrive\protected\controllers\NoteController.php (256)
in C:\Apache2\htdocs\yii\testdrive\index.php (13)
2014/07/31 01:02:09 [info] [user] Created comment
in C:\Apache2\htdocs\yii\testdrive\protected\controllers\NoteController.php (111)
in C:\Apache2\htdocs\yii\testdrive\protected\controllers\NoteController.php (91)
in C:\Apache2\htdocs\yii\testdrive\index.php (13)
2014/07/31 01:02:14 [info] [user] Deleted comment
in C:\Apache2\htdocs\yii\testdrive\protected\controllers\NoteController.php (128)
in C:\Apache2\htdocs\yii\testdrive\index.php (13)
2014/07/31 15:42:29 [info] [user] Created comment
in C:\Apache2\htdocs\yii\testdrive\protected\controllers\NoteController.php (111)
in C:\Apache2\htdocs\yii\testdrive\protected\controllers\NoteController.php (91)
in C:\Apache2\htdocs\yii\testdrive\index.php (13)
2014/07/31 16:20:34 [info] [user] Created comment
in C:\Apache2\htdocs\yii\testdrive\protected\controllers\NoteController.php (111)
in C:\Apache2\htdocs\yii\testdrive\protected\controllers\NoteController.php (91)
in C:\Apache2\htdocs\yii\testdrive\index.php (13)
2014/07/31 13:54:54 [info] [user.command] Deleted comment asdf
2014/07/31 13:54:54 [info] [user.command] Deleted comment asdf
2014/07/31 13:54:54 [info] [user.command] Deleted comment asdf
2014/07/31 17:00:04 [info] [user] Created comment
in C:\Apache2\htdocs\yii\testdrive\protected\controllers\NoteController.php (111)
in C:\Apache2\htdocs\yii\testdrive\protected\controllers\NoteController.php (91)
in C:\Apache2\htdocs\yii\testdrive\index.php (13)
2014/07/31 17:00:56 [info] [user] Created comment
in C:\Apache2\htdocs\yii\testdrive\protected\controllers\NoteController.php (111)
in C:\Apache2\htdocs\yii\testdrive\protected\controllers\NoteController.php (91)
in C:\Apache2\htdocs\yii\testdrive\index.php (13)
2014/07/31 14:07:20 [info] [user.command] Deleted comment as asdf 
f
100% satisfied to note 71
2014/07/31 14:07:20 [info] [user.command] Deleted comment  asdf  f
fd
<b>sdf</b> to note 71
2014/07/31 17:10:29 [info] [user] Created comment
in C:\Apache2\htdocs\yii\testdrive\protected\controllers\NoteController.php (111)
in C:\Apache2\htdocs\yii\testdrive\protected\controllers\NoteController.php (91)
in C:\Apache2\htdocs\yii\testdrive\index.php (13)
2014/07/31 17:11:20 [info] [user] Created comment
in C:\Apache2\htdocs\yii\testdrive\protected\controllers\NoteController.php (111)
in C:\Apache2\htdocs\yii\testdrive\protected\controllers\NoteController.php (91)
in C:\Apache2\htdocs\yii\testdrive\index.php (13)
2014/07/31 14:11:33 [info] [user.command] Deleted comment sdasdffg to note 71
2014/07/31 17:12:48 [info] [user] Created comment
in C:\Apache2\htdocs\yii\testdrive\protected\controllers\NoteController.php (111)
in C:\Apache2\htdocs\yii\testdrive\protected\controllers\NoteController.php (91)
in C:\Apache2\htdocs\yii\testdrive\index.php (13)
2014/07/31 14:12:57 [info] [user.command] Deleted comment af
Click to remove to note 77
2014/07/31 17:38:40 [info] [user] User admin login
in C:\Apache2\htdocs\yii\testdrive\protected\controllers\NoteController.php (256)
in C:\Apache2\htdocs\yii\testdrive\index.php (13)
2014/07/31 17:39:11 [info] [user] Created comment
in C:\Apache2\htdocs\yii\testdrive\protected\controllers\NoteController.php (111)
in C:\Apache2\htdocs\yii\testdrive\protected\controllers\NoteController.php (91)
in C:\Apache2\htdocs\yii\testdrive\index.php (13)
2014/07/31 17:39:19 [info] [user] Deleted comment
in C:\Apache2\htdocs\yii\testdrive\protected\controllers\NoteController.php (128)
in C:\Apache2\htdocs\yii\testdrive\index.php (13)
2014/07/31 17:39:25 [info] [user] Deleted comment
in C:\Apache2\htdocs\yii\testdrive\protected\controllers\NoteController.php (128)
in C:\Apache2\htdocs\yii\testdrive\index.php (13)
2014/08/03 19:23:22 [info] [user] Created note
in C:\Apache2\htdocs\yii\testdrive\protected\controllers\NoteController.php (151)
in C:\Apache2\htdocs\yii\testdrive\index.php (13)
2014/08/03 19:23:28 [info] [user] Deleted note
in C:\Apache2\htdocs\yii\testdrive\protected\controllers\NoteController.php (180)
in C:\Apache2\htdocs\yii\testdrive\index.php (13)
2014/08/03 19:24:16 [info] [user] Created comment
in C:\Apache2\htdocs\yii\testdrive\protected\controllers\NoteController.php (111)
in C:\Apache2\htdocs\yii\testdrive\protected\controllers\NoteController.php (91)
in C:\Apache2\htdocs\yii\testdrive\index.php (13)
